<?xml version="1.0" encoding="UTF-8" standalone="yes"?>
<ns2:test-suite start="1517034431753" stop="1517034447845" version="1.4.23" xmlns:ns2="urn:model.allure.qatools.yandex.ru">
    <name>ebay</name>
    <description type="text"></description>
    <test-cases>
        <test-case start="1517034431788" stop="1517034447841" status="broken">
            <name>Search and Add to Cart</name>
            <title>Search and Add to Cart</title>
            <description type="text"></description>
            <failure>
                <message>NoSuchElementException: no such element: Unable to locate element: {"method":"id","selector":"isCartBtn_btn"}
  (Session info: chrome=63.0.3239.132)
  (Driver info: chromedriver=2.35.528161 (5b82f2d2aae0ca24b877009200ced9065a772e73),platform=Windows NT 6.3.9600 x86_64) (WARNING: The server did not provide any stacktrace information)
Command duration or timeout: 44 milliseconds
For documentation on this error, please visit: http://seleniumhq.org/exceptions/no_such_element.html
Build info: version: '3.4.0', revision: 'unknown', time: 'unknown'
System info: host: 'RAKESHPC', ip: '192.168.0.103', os.name: 'Windows 8.1', os.arch: 'amd64', os.version: '6.3', java.version: '1.8.0_77'
Driver info: org.openqa.selenium.chrome.ChromeDriver
Capabilities [{applicationCacheEnabled=false, rotatable=false, mobileEmulationEnabled=false, networkConnectionEnabled=false, chrome={chromedriverVersion=2.35.528161 (5b82f2d2aae0ca24b877009200ced9065a772e73), userDataDir=C:\Users\Rakesh\AppData\Local\Temp\scoped_dir4656_6265}, takesHeapSnapshot=true, pageLoadStrategy=normal, databaseEnabled=false, handlesAlerts=true, hasTouchScreen=false, version=63.0.3239.132, platform=WIN8_1, browserConnectionEnabled=false, nativeEvents=true, acceptSslCerts=false, acceptInsecureCerts=false, locationContextEnabled=true, webStorageEnabled=true, browserName=chrome, takesScreenshot=true, javascriptEnabled=true, cssSelectorsEnabled=true, setWindowRect=true, unexpectedAlertBehaviour=}]
Session ID: d8042b2d7bce3049a532dc6efd7ccd55
*** Element info: {Using=id, value=isCartBtn_btn}</message>
                <stack-trace>org.openqa.selenium.NoSuchElementException: no such element: Unable to locate element: {"method":"id","selector":"isCartBtn_btn"}
  (Session info: chrome=63.0.3239.132)
  (Driver info: chromedriver=2.35.528161 (5b82f2d2aae0ca24b877009200ced9065a772e73),platform=Windows NT 6.3.9600 x86_64) (WARNING: The server did not provide any stacktrace information)
Command duration or timeout: 44 milliseconds
For documentation on this error, please visit: http://seleniumhq.org/exceptions/no_such_element.html
Build info: version: '3.4.0', revision: 'unknown', time: 'unknown'
System info: host: 'RAKESHPC', ip: '192.168.0.103', os.name: 'Windows 8.1', os.arch: 'amd64', os.version: '6.3', java.version: '1.8.0_77'
Driver info: org.openqa.selenium.chrome.ChromeDriver
Capabilities [{applicationCacheEnabled=false, rotatable=false, mobileEmulationEnabled=false, networkConnectionEnabled=false, chrome={chromedriverVersion=2.35.528161 (5b82f2d2aae0ca24b877009200ced9065a772e73), userDataDir=C:\Users\Rakesh\AppData\Local\Temp\scoped_dir4656_6265}, takesHeapSnapshot=true, pageLoadStrategy=normal, databaseEnabled=false, handlesAlerts=true, hasTouchScreen=false, version=63.0.3239.132, platform=WIN8_1, browserConnectionEnabled=false, nativeEvents=true, acceptSslCerts=false, acceptInsecureCerts=false, locationContextEnabled=true, webStorageEnabled=true, browserName=chrome, takesScreenshot=true, javascriptEnabled=true, cssSelectorsEnabled=true, setWindowRect=true, unexpectedAlertBehaviour=}]
Session ID: d8042b2d7bce3049a532dc6efd7ccd55
*** Element info: {Using=id, value=isCartBtn_btn}
	at sun.reflect.NativeConstructorAccessorImpl.newInstance0(Native Method)
	at sun.reflect.NativeConstructorAccessorImpl.newInstance(NativeConstructorAccessorImpl.java:62)
	at sun.reflect.DelegatingConstructorAccessorImpl.newInstance(DelegatingConstructorAccessorImpl.java:45)
	at java.lang.reflect.Constructor.newInstance(Constructor.java:423)
	at org.openqa.selenium.remote.ErrorHandler.createThrowable(ErrorHandler.java:215)
	at org.openqa.selenium.remote.ErrorHandler.throwIfResponseFailed(ErrorHandler.java:167)
	at org.openqa.selenium.remote.RemoteWebDriver.execute(RemoteWebDriver.java:671)
	at org.openqa.selenium.remote.RemoteWebDriver.findElement(RemoteWebDriver.java:410)
	at org.openqa.selenium.remote.RemoteWebDriver.findElementById(RemoteWebDriver.java:453)
	at org.openqa.selenium.By$ById.findElement(By.java:218)
	at org.openqa.selenium.remote.RemoteWebDriver.findElement(RemoteWebDriver.java:402)
	at org.openqa.selenium.support.pagefactory.DefaultElementLocator.findElement(DefaultElementLocator.java:69)
	at org.openqa.selenium.support.pagefactory.internal.LocatingElementHandler.invoke(LocatingElementHandler.java:38)
	at com.sun.proxy.$Proxy15.isDisplayed(Unknown Source)
	at com.M63.pageObjects.ShoppingCartPage.ClickOnAddToCart(ShoppingCartPage.java:48)
	at com.M63.steps.BaseStepDef.addFirstListedItem(BaseStepDef.java:53)
	at âœ½.Then User adds the item to cart(ebay.feature:11)
</stack-trace>
            </failure>
            <steps>
                <step start="1517034431808" stop="1517034435284" status="passed">
                    <name>Given User launch the website "https://www.ebay.com/"</name>
                    <title>Given User launch the website "https://www.ebay.com/"</title>
                </step>
                <step start="1517034435300" stop="1517034443733" status="passed">
                    <name>Given User search for an item "Samsung Galaxy S7 edge SM-G935 - 32GB - black (Unlocked) Smartphone + Gear VR"</name>
                    <title>Given User search for an item "Samsung Galaxy S7 edge SM-G935 - 32GB - black (Unlocked) Smartphone + Gear VR"</title>
                </step>
                <step start="1517034443737" stop="1517034447749" status="passed">
                    <name>When User selects the First Item listed</name>
                    <title>When User selects the First Item listed</title>
                </step>
                <step start="1517034447749" stop="1517034447825" status="broken">
                    <name>Then User adds the item to cart</name>
                    <title>Then User adds the item to cart</title>
                </step>
                <step start="1517034447829" stop="1517034447837" status="canceled">
                    <name>And Verify Item is succesfully added to cart</name>
                    <title>And Verify Item is succesfully added to cart</title>
                </step>
            </steps>
            <attachments/>
            <labels>
                <label name="story" value="Search and Add to Cart"/>
                <label name="feature" value="ebay"/>
                <label name="host" value="RakeshPC"/>
                <label name="thread" value="3384@RakeshPC.main(1)"/>
                <label name="framework" value="CucumberJVM"/>
            </labels>
        </test-case>
    </test-cases>
    <labels>
        <label name="feature" value="ebay"/>
        <label name="language" value="JAVA"/>
    </labels>
</ns2:test-suite>
