<?xml version="1.0" encoding="UTF-8" standalone="yes"?>
<ns2:test-suite start="1517035770816" stop="1517035804063" version="1.4.23" xmlns:ns2="urn:model.allure.qatools.yandex.ru">
    <name>ebay</name>
    <description type="text"></description>
    <test-cases>
        <test-case start="1517035770876" stop="1517035791628" status="broken">
            <name>Search and Add multiple Items to Cart</name>
            <title>Search and Add multiple Items to Cart</title>
            <description type="text"></description>
            <failure>
                <message>NoSuchElementException: Cannot locate element with text: 16GB
For documentation on this error, please visit: http://seleniumhq.org/exceptions/no_such_element.html
Build info: version: '3.4.0', revision: 'unknown', time: 'unknown'
System info: host: 'RAKESHPC', ip: '192.168.0.103', os.name: 'Windows 8.1', os.arch: 'amd64', os.version: '6.3', java.version: '1.8.0_77'
Driver info: driver.version: unknown</message>
                <stack-trace>org.openqa.selenium.NoSuchElementException: Cannot locate element with text: 16GB
For documentation on this error, please visit: http://seleniumhq.org/exceptions/no_such_element.html
Build info: version: '3.4.0', revision: 'unknown', time: 'unknown'
System info: host: 'RAKESHPC', ip: '192.168.0.103', os.name: 'Windows 8.1', os.arch: 'amd64', os.version: '6.3', java.version: '1.8.0_77'
Driver info: driver.version: unknown
	at org.openqa.selenium.support.ui.Select.selectByVisibleText(Select.java:151)
	at com.M63.pageObjects.ShoppingCartPage.ClickOnAddToCart(ShoppingCartPage.java:43)
	at com.M63.steps.BaseStepDef.addFirstListedItem(BaseStepDef.java:64)
	at ✽.Then User adds the item with "Silver" color and "16GB" Ram to cart(ebay.feature:19)
</stack-trace>
            </failure>
            <steps>
                <step start="1517035770894" stop="1517035774669" status="passed">
                    <name>Given User launch the website "https://www.ebay.com/"</name>
                    <title>Given User launch the website "https://www.ebay.com/"</title>
                </step>
                <step start="1517035774689" stop="1517035782392" status="passed">
                    <name>Given User search for an item "IPhone 6"</name>
                    <title>Given User search for an item "IPhone 6"</title>
                </step>
                <step start="1517035782393" stop="1517035789981" status="passed">
                    <name>When User selects the First Item listed</name>
                    <title>When User selects the First Item listed</title>
                </step>
                <step start="1517035789982" stop="1517035791617" status="broken">
                    <name>Then User adds the item with "Silver" color and "16GB" Ram to cart</name>
                    <title>Then User adds the item with "Silver" color and "16GB" Ram to cart</title>
                </step>
                <step start="1517035791620" stop="1517035791626" status="canceled">
                    <name>And Verify Item is succesfully added to cart</name>
                    <title>And Verify Item is succesfully added to cart</title>
                </step>
            </steps>
            <attachments/>
            <labels>
                <label name="story" value="Search and Add multiple Items to Cart"/>
                <label name="feature" value="ebay"/>
                <label name="host" value="RakeshPC"/>
                <label name="thread" value="2032@RakeshPC.main(1)"/>
                <label name="framework" value="CucumberJVM"/>
            </labels>
        </test-case>
        <test-case start="1517035791629" stop="1517035804060" status="broken">
            <name>Search and Add multiple Items to Cart</name>
            <title>Search and Add multiple Items to Cart</title>
            <description type="text"></description>
            <failure>
                <message>NoSuchElementException: Cannot locate element with text: 128GB
For documentation on this error, please visit: http://seleniumhq.org/exceptions/no_such_element.html
Build info: version: '3.4.0', revision: 'unknown', time: 'unknown'
System info: host: 'RAKESHPC', ip: '192.168.0.103', os.name: 'Windows 8.1', os.arch: 'amd64', os.version: '6.3', java.version: '1.8.0_77'
Driver info: driver.version: unknown</message>
                <stack-trace>org.openqa.selenium.NoSuchElementException: Cannot locate element with text: 128GB
For documentation on this error, please visit: http://seleniumhq.org/exceptions/no_such_element.html
Build info: version: '3.4.0', revision: 'unknown', time: 'unknown'
System info: host: 'RAKESHPC', ip: '192.168.0.103', os.name: 'Windows 8.1', os.arch: 'amd64', os.version: '6.3', java.version: '1.8.0_77'
Driver info: driver.version: unknown
	at org.openqa.selenium.support.ui.Select.selectByVisibleText(Select.java:151)
	at com.M63.pageObjects.ShoppingCartPage.ClickOnAddToCart(ShoppingCartPage.java:43)
	at com.M63.steps.BaseStepDef.addFirstListedItem(BaseStepDef.java:64)
	at ✽.Then User adds the item with "Black" color and "128GB" Ram to cart(ebay.feature:19)
</stack-trace>
            </failure>
            <steps>
                <step start="1517035791635" stop="1517035793958" status="passed">
                    <name>Given User launch the website "https://www.ebay.com/"</name>
                    <title>Given User launch the website "https://www.ebay.com/"</title>
                </step>
                <step start="1517035793963" stop="1517035799129" status="passed">
                    <name>Given User search for an item "Iphone 7"</name>
                    <title>Given User search for an item "Iphone 7"</title>
                </step>
                <step start="1517035799130" stop="1517035802656" status="passed">
                    <name>When User selects the First Item listed</name>
                    <title>When User selects the First Item listed</title>
                </step>
                <step start="1517035802657" stop="1517035804057" status="broken">
                    <name>Then User adds the item with "Black" color and "128GB" Ram to cart</name>
                    <title>Then User adds the item with "Black" color and "128GB" Ram to cart</title>
                </step>
                <step start="1517035804058" stop="1517035804059" status="canceled">
                    <name>And Verify Item is succesfully added to cart</name>
                    <title>And Verify Item is succesfully added to cart</title>
                </step>
            </steps>
            <attachments/>
            <labels>
                <label name="story" value="Search and Add multiple Items to Cart"/>
                <label name="feature" value="ebay"/>
                <label name="host" value="RakeshPC"/>
                <label name="thread" value="2032@RakeshPC.main(1)"/>
                <label name="framework" value="CucumberJVM"/>
            </labels>
        </test-case>
    </test-cases>
    <labels>
        <label name="feature" value="ebay"/>
        <label name="language" value="JAVA"/>
    </labels>
</ns2:test-suite>
