<!DOCTYPE html PUBLIC "-//W3C//DTD XHTML 1.1//EN" "http://www.w3.org/TR/xhtml11/DTD/xhtml11.dtd">
<html xmlns="http://www.w3.org/1999/xhtml">
<head>
<meta http-equiv="content-type" content="text/html; charset=UTF-8"/>
<title>TestNG Report</title>
<style type="text/css">table {margin-bottom:10px;border-collapse:collapse;empty-cells:show}th,td {border:1px solid #009;padding:.25em .5em}th {vertical-align:bottom}td {vertical-align:top}table a {font-weight:bold}.stripe td {background-color: #E6EBF9}.num {text-align:right}.passedodd td {background-color: #3F3}.passedeven td {background-color: #0A0}.skippedodd td {background-color: #DDD}.skippedeven td {background-color: #CCC}.failedodd td,.attn {background-color: #F33}.failedeven td,.stripe .attn {background-color: #D00}.stacktrace {white-space:pre;font-family:monospace}.totop {font-size:85%;text-align:center;border-bottom:2px solid #000}.invisible {display:none}</style>
</head>
<body>
<table>
<tr><th>Test</th><th># Passed</th><th># Skipped</th><th># Failed</th><th>Time (ms)</th><th>Included Groups</th><th>Excluded Groups</th></tr>
<tr><th colspan="7">CalculatorSuite</th></tr>
<tr><td><a href="#t0">Test</a></td><td class="num">10</td><td class="num">0</td><td class="num attn">2</td><td class="num">94</td><td>Sanity, Negative, Smoke</td><td></td></tr>
</table>
<table id='summary'><thead><tr><th>Class</th><th>Method</th><th>Start</th><th>Time (ms)</th></tr></thead><tbody><tr><th colspan="4">CalculatorSuite</th></tr></tbody><tbody id="t0"><tr><th colspan="4">Test &#8212; failed</th></tr><tr class="failedeven"><td rowspan="2">com.M4.NewTest</td><td><a href="#m0">cosine</a></td><td rowspan="1">1516525869760</td><td rowspan="1">0</td></tr><tr class="failedeven"><td><a href="#m1">squareRootOfNegativeNumber</a></td><td rowspan="1">1516525869776</td><td rowspan="1">0</td></tr><tr><th colspan="4">Test &#8212; passed</th></tr><tr class="passedeven"><td rowspan="10">com.M4.NewTest</td><td><a href="#m2">addingTwoPositiveNumbers</a></td><td rowspan="1">1516525869729</td><td rowspan="1">16</td></tr><tr class="passedeven"><td><a href="#m3">divideByZero</a></td><td rowspan="1">1516525869760</td><td rowspan="1">0</td></tr><tr class="passedeven"><td><a href="#m4">divideZerobyANumber</a></td><td rowspan="1">1516525869760</td><td rowspan="1">0</td></tr><tr class="passedeven"><td><a href="#m5">isNegative</a></td><td rowspan="1">1516525869760</td><td rowspan="1">0</td></tr><tr class="passedeven"><td><a href="#m6">isPositive</a></td><td rowspan="1">1516525869760</td><td rowspan="1">0</td></tr><tr class="passedeven"><td><a href="#m7">multiplyingNumbers</a></td><td rowspan="4">1516525869776</td><td rowspan="4">0</td></tr><tr class="passedeven"><td><a href="#m8">multiplyingNumbers</a></td></tr><tr class="passedeven"><td><a href="#m9">multiplyingNumbers</a></td></tr><tr class="passedeven"><td><a href="#m10">multiplyingNumbers</a></td></tr><tr class="passedeven"><td><a href="#m11">subtractingTwoNumbers</a></td><td rowspan="1">1516525869760</td><td rowspan="1">0</td></tr></tbody>
</table>
<h2>Test</h2><h3 id="m0">com.M4.NewTest#cosine</h3><table class="result"><tr><th>Messages</th></tr><tr><td><div class="messages">Method started: cosine<br/>a:0	 cos:0.0<br/>Test Method Failed</div></td></tr><tr><th>Exception</th></tr><tr><td><div class="stacktrace">java.lang.AssertionError: expected [1.0] but found [0.0]
	at org.testng.Assert.fail(Assert.java:96)
	at org.testng.Assert.failNotEquals(Assert.java:776)
	at org.testng.Assert.assertEqualsImpl(Assert.java:137)
	at org.testng.Assert.assertEquals(Assert.java:118)
	at org.testng.Assert.assertEquals(Assert.java:442)
	at com.M4.NewTest.cosine(NewTest.java:128)
	at sun.reflect.NativeMethodAccessorImpl.invoke0(Native Method)
	at sun.reflect.NativeMethodAccessorImpl.invoke(NativeMethodAccessorImpl.java:62)
	at sun.reflect.DelegatingMethodAccessorImpl.invoke(DelegatingMethodAccessorImpl.java:43)
	at java.lang.reflect.Method.invoke(Method.java:498)
	at org.testng.internal.MethodInvocationHelper.invokeMethod(MethodInvocationHelper.java:124)
	at org.testng.internal.Invoker.invokeMethod(Invoker.java:571)
	at org.testng.internal.Invoker.invokeTestMethod(Invoker.java:707)
	at org.testng.internal.Invoker.invokeTestMethods(Invoker.java:979)
	at org.testng.internal.TestMethodWorker.invokeTestMethods(TestMethodWorker.java:125)
	at org.testng.internal.TestMethodWorker.run(TestMethodWorker.java:109)
	at org.testng.TestRunner.privateRun(TestRunner.java:648)
	at org.testng.TestRunner.run(TestRunner.java:505)
	at org.testng.SuiteRunner.runTest(SuiteRunner.java:455)
	at org.testng.SuiteRunner.runSequentially(SuiteRunner.java:450)
	at org.testng.SuiteRunner.privateRun(SuiteRunner.java:415)
	at org.testng.SuiteRunner.run(SuiteRunner.java:364)
	at org.testng.SuiteRunnerWorker.runSuite(SuiteRunnerWorker.java:52)
	at org.testng.SuiteRunnerWorker.run(SuiteRunnerWorker.java:84)
	at org.testng.TestNG.runSuitesSequentially(TestNG.java:1187)
	at org.testng.TestNG.runSuitesLocally(TestNG.java:1116)
	at org.testng.TestNG.runSuites(TestNG.java:1028)
	at org.testng.TestNG.run(TestNG.java:996)
	at com.M4.RunProgrammatically.main(RunProgrammatically.java:22)
</div></td></tr></table><p class="totop"><a href="#summary">back to summary</a></p>
<h3 id="m1">com.M4.NewTest#squareRootOfNegativeNumber</h3><table class="result"><tr><th>Messages</th></tr><tr><td><div class="messages">Method started: squareRootOfNegativeNumber<br/>a:-25	 SquareRoot:5.0<br/>Test Method Failed</div></td></tr><tr><th>Exception</th></tr><tr><td><div class="stacktrace">org.testng.TestException: 
Expected exception of type class java.lang.NumberFormatException but got java.lang.AssertionError: expected [2.23606797749979] but found [5.0]
	at org.testng.internal.ExpectedExceptionsHolder.wrongException(ExpectedExceptionsHolder.java:68)
	at org.testng.internal.Invoker.considerExceptions(Invoker.java:1120)
	at org.testng.internal.Invoker.invokeMethod(Invoker.java:603)
	at org.testng.internal.Invoker.invokeTestMethod(Invoker.java:707)
	at org.testng.internal.Invoker.invokeTestMethods(Invoker.java:979)
	at org.testng.internal.TestMethodWorker.invokeTestMethods(TestMethodWorker.java:125)
	at org.testng.internal.TestMethodWorker.run(TestMethodWorker.java:109)
	at org.testng.TestRunner.privateRun(TestRunner.java:648)
	at org.testng.TestRunner.run(TestRunner.java:505)
	at org.testng.SuiteRunner.runTest(SuiteRunner.java:455)
	at org.testng.SuiteRunner.runSequentially(SuiteRunner.java:450)
	at org.testng.SuiteRunner.privateRun(SuiteRunner.java:415)
	at org.testng.SuiteRunner.run(SuiteRunner.java:364)
	at org.testng.SuiteRunnerWorker.runSuite(SuiteRunnerWorker.java:52)
	at org.testng.SuiteRunnerWorker.run(SuiteRunnerWorker.java:84)
	at org.testng.TestNG.runSuitesSequentially(TestNG.java:1187)
	at org.testng.TestNG.runSuitesLocally(TestNG.java:1116)
	at org.testng.TestNG.runSuites(TestNG.java:1028)
	at org.testng.TestNG.run(TestNG.java:996)
	at com.M4.RunProgrammatically.main(RunProgrammatically.java:22)
Caused by: java.lang.AssertionError: expected [2.23606797749979] but found [5.0]
	at org.testng.Assert.fail(Assert.java:96)
	at org.testng.Assert.failNotEquals(Assert.java:776)
	at org.testng.Assert.assertEqualsImpl(Assert.java:137)
	at org.testng.Assert.assertEquals(Assert.java:118)
	at org.testng.Assert.assertEquals(Assert.java:442)
	at com.M4.NewTest.squareRootOfNegativeNumber(NewTest.java:119)
	at sun.reflect.NativeMethodAccessorImpl.invoke0(Native Method)
	at sun.reflect.NativeMethodAccessorImpl.invoke(NativeMethodAccessorImpl.java:62)
	at sun.reflect.DelegatingMethodAccessorImpl.invoke(DelegatingMethodAccessorImpl.java:43)
	at java.lang.reflect.Method.invoke(Method.java:498)
	at org.testng.internal.MethodInvocationHelper.invokeMethod(MethodInvocationHelper.java:124)
	at org.testng.internal.Invoker.invokeMethod(Invoker.java:571)
	... 17 more
</div></td></tr></table><p class="totop"><a href="#summary">back to summary</a></p>
<h3 id="m2">com.M4.NewTest#addingTwoPositiveNumbers</h3><table class="result"><tr><th>Messages</th></tr><tr><td><div class="messages">Method started: addingTwoPositiveNumbers<br/>a:10	 b:20	 sum:30<br/>Test Method Passed</div></td></tr></table><p class="totop"><a href="#summary">back to summary</a></p>
<h3 id="m3">com.M4.NewTest#divideByZero</h3><table class="result"><tr><th>Messages</th></tr><tr><td><div class="messages">Method started: divideByZero<br/>Test Method Passed</div></td></tr><tr><th>Expected Exception</th></tr><tr><td><div class="stacktrace">java.lang.NumberFormatException: Attempt to divide by zero
	at com.epam.tat.module4.Calculator.div(Calculator.java:34)
	at com.M4.NewTest.divideByZero(NewTest.java:96)
	at sun.reflect.NativeMethodAccessorImpl.invoke0(Native Method)
	at sun.reflect.NativeMethodAccessorImpl.invoke(NativeMethodAccessorImpl.java:62)
	at sun.reflect.DelegatingMethodAccessorImpl.invoke(DelegatingMethodAccessorImpl.java:43)
	at java.lang.reflect.Method.invoke(Method.java:498)
	at org.testng.internal.MethodInvocationHelper.invokeMethod(MethodInvocationHelper.java:124)
	at org.testng.internal.Invoker.invokeMethod(Invoker.java:571)
	at org.testng.internal.Invoker.invokeTestMethod(Invoker.java:707)
	at org.testng.internal.Invoker.invokeTestMethods(Invoker.java:979)
	at org.testng.internal.TestMethodWorker.invokeTestMethods(TestMethodWorker.java:125)
	at org.testng.internal.TestMethodWorker.run(TestMethodWorker.java:109)
	at org.testng.TestRunner.privateRun(TestRunner.java:648)
	at org.testng.TestRunner.run(TestRunner.java:505)
	at org.testng.SuiteRunner.runTest(SuiteRunner.java:455)
	at org.testng.SuiteRunner.runSequentially(SuiteRunner.java:450)
	at org.testng.SuiteRunner.privateRun(SuiteRunner.java:415)
	at org.testng.SuiteRunner.run(SuiteRunner.java:364)
	at org.testng.SuiteRunnerWorker.runSuite(SuiteRunnerWorker.java:52)
	at org.testng.SuiteRunnerWorker.run(SuiteRunnerWorker.java:84)
	at org.testng.TestNG.runSuitesSequentially(TestNG.java:1187)
	at org.testng.TestNG.runSuitesLocally(TestNG.java:1116)
	at org.testng.TestNG.runSuites(TestNG.java:1028)
	at org.testng.TestNG.run(TestNG.java:996)
	at com.M4.RunProgrammatically.main(RunProgrammatically.java:22)
</div></td></tr></table><p class="totop"><a href="#summary">back to summary</a></p>
<h3 id="m4">com.M4.NewTest#divideZerobyANumber</h3><table class="result"><tr><th>Messages</th></tr><tr><td><div class="messages">Method started: divideZerobyANumber<br/>a:0	 b:1	 quotient:0<br/>Test Method Passed</div></td></tr></table><p class="totop"><a href="#summary">back to summary</a></p>
<h3 id="m5">com.M4.NewTest#isNegative</h3><table class="result"><tr><th>Messages</th></tr><tr><td><div class="messages">Method started: isNegative<br/>a:1	 IsNegative:false<br/>Test Method Passed</div></td></tr></table><p class="totop"><a href="#summary">back to summary</a></p>
<h3 id="m6">com.M4.NewTest#isPositive</h3><table class="result"><tr><th>Messages</th></tr><tr><td><div class="messages">Method started: isPositive<br/>a:-1	 IsPositive:false<br/>Test Method Passed</div></td></tr></table><p class="totop"><a href="#summary">back to summary</a></p>
<h3 id="m7">com.M4.NewTest#multiplyingNumbers</h3><table class="result"><tr class="param"><th>Parameter #1</th><th>Parameter #2</th><th>Parameter #3</th></tr><tr class="param stripe"><td>-5</td><td>0</td><td>0</td></tr><tr><th colspan="3">Messages</th></tr><tr><td colspan="3"><div class="messages">Method started: multiplyingNumbers<br/>a:-5	 b:0	 product:0<br/>Test Method Passed</div></td></tr></table><p class="totop"><a href="#summary">back to summary</a></p>
<h3 id="m8">com.M4.NewTest#multiplyingNumbers</h3><table class="result"><tr class="param"><th>Parameter #1</th><th>Parameter #2</th><th>Parameter #3</th></tr><tr class="param stripe"><td>10</td><td>20</td><td>200</td></tr><tr><th colspan="3">Messages</th></tr><tr><td colspan="3"><div class="messages">Method started: multiplyingNumbers<br/>a:10	 b:20	 product:200<br/>Test Method Passed</div></td></tr></table><p class="totop"><a href="#summary">back to summary</a></p>
<h3 id="m9">com.M4.NewTest#multiplyingNumbers</h3><table class="result"><tr class="param"><th>Parameter #1</th><th>Parameter #2</th><th>Parameter #3</th></tr><tr class="param stripe"><td>0</td><td>5</td><td>0</td></tr><tr><th colspan="3">Messages</th></tr><tr><td colspan="3"><div class="messages">Method started: multiplyingNumbers<br/>a:0	 b:5	 product:0<br/>Test Method Passed</div></td></tr></table><p class="totop"><a href="#summary">back to summary</a></p>
<h3 id="m10">com.M4.NewTest#multiplyingNumbers</h3><table class="result"><tr class="param"><th>Parameter #1</th><th>Parameter #2</th><th>Parameter #3</th></tr><tr class="param stripe"><td>20</td><td>10</td><td>200</td></tr><tr><th colspan="3">Messages</th></tr><tr><td colspan="3"><div class="messages">Method started: multiplyingNumbers<br/>a:20	 b:10	 product:200<br/>Test Method Passed</div></td></tr></table><p class="totop"><a href="#summary">back to summary</a></p>
<h3 id="m11">com.M4.NewTest#subtractingTwoNumbers</h3><table class="result"><tr><th>Messages</th></tr><tr><td><div class="messages">Method started: subtractingTwoNumbers<br/>a:10	 b:20	 diff:-10<br/>Test Method Passed</div></td></tr></table><p class="totop"><a href="#summary">back to summary</a></p>
</body>
</html>
