<html>
<head>
<title>TestNG:  Test</title>
<link href="../testng.css" rel="stylesheet" type="text/css" />
<link href="../my-testng.css" rel="stylesheet" type="text/css" />

<style type="text/css">
.log { display: none;} 
.stack-trace { display: none;} 
</style>
<script type="text/javascript">
<!--
function flip(e) {
  current = e.style.display;
  if (current == 'block') {
    e.style.display = 'none';
    return 0;
  }
  else {
    e.style.display = 'block';
    return 1;
  }
}

function toggleBox(szDivId, elem, msg1, msg2)
{
  var res = -1;  if (document.getElementById) {
    res = flip(document.getElementById(szDivId));
  }
  else if (document.all) {
    // this is the way old msie versions work
    res = flip(document.all[szDivId]);
  }
  if(elem) {
    if(res == 0) elem.innerHTML = msg1; else elem.innerHTML = msg2;
  }

}

function toggleAllBoxes() {
  if (document.getElementsByTagName) {
    d = document.getElementsByTagName('div');
    for (i = 0; i < d.length; i++) {
      if (d[i].className == 'log') {
        flip(d[i]);
      }
    }
  }
}

// -->
</script>

</head>
<body>
<h2 align='center'>Test</h2><table border='1' align="center">
<tr>
<td>Tests passed/Failed/Skipped:</td><td>10/2/0</td>
</tr><tr>
<td>Started on:</td><td>Sun Jan 21 14:41:09 IST 2018</td>
</tr>
<tr><td>Total time:</td><td>0 seconds (94 ms)</td>
</tr><tr>
<td>Included groups:</td><td>Sanity Negative Smoke </td>
</tr><tr>
<td>Excluded groups:</td><td></td>
</tr>
</table><p/>
<small><i>(Hover the method name to see the test class name)</i></small><p/>
<table width='100%' border='1' class='invocation-failed'>
<tr><td colspan='4' align='center'><b>FAILED TESTS</b></td></tr>
<tr><td><b>Test method</b></td>
<td width="30%"><b>Exception</b></td>
<td width="10%"><b>Time (seconds)</b></td>
<td><b>Instance</b></td>
</tr>
<tr>
<td title='com.M4.NewTest.cosine()'><b>cosine</b><br>Test class: com.M4.NewTest<br/>
<a href="#Output-1447689627" onClick='toggleBox("Output-1447689627", this, "Show output", "Hide output");'>Show output</a>

<a href="#Output-1447689627" onClick="toggleAllBoxes();">Show all outputs</a>
<div class='log' id="Output-1447689627">
Method started: cosine<br/>
a:0	 cos:0.0<br/>
Test Method Failed<br/>
</div>
</td>
<td><div><pre>java.lang.AssertionError: expected [1.0] but found [0.0]
	at org.testng.Assert.fail(Assert.java:96)
	at org.testng.Assert.failNotEquals(Assert.java:776)
	at org.testng.Assert.assertEqualsImpl(Assert.java:137)
	at org.testng.Assert.assertEquals(Assert.java:118)
	at org.testng.Assert.assertEquals(Assert.java:442)
	at com.M4.NewTest.cosine(NewTest.java:128)
	at sun.reflect.NativeMethodAccessorImpl.invoke0(Native Method)
	at sun.reflect.NativeMethodAccessorImpl.invoke(NativeMethodAccessorImpl.java:62)
	at sun.reflect.DelegatingMethodAccessorImpl.invoke(DelegatingMethodAccessorImpl.java:43)
	at java.lang.reflect.Method.invoke(Method.java:498)
	at org.testng.internal.MethodInvocationHelper.invokeMethod(MethodInvocationHelper.java:124)
	at org.testng.internal.Invoker.invokeMethod(Invoker.java:571)
	at org.testng.internal.Invoker.invokeTestMethod(Invoker.java:707)
	at org.testng.internal.Invoker.invokeTestMethods(Invoker.java:979)
	at org.testng.internal.TestMethodWorker.invokeTestMethods(TestMethodWorker.java:125)
	at org.testng.internal.TestMethodWorker.run(TestMethodWorker.java:109)
	at org.testng.TestRunner.privateRun(TestRunner.java:648)
	at org.testng.TestRunner.run(TestRunner.java:505)
	at org.testng.SuiteRunner.runTest(SuiteRunner.java:455)
	at org.testng.SuiteRunner.runSequentially(SuiteRunner.java:450)
	at org.testng.SuiteRunner.privateRun(SuiteRunner.java:415)
	at org.testng.SuiteRunner.run(SuiteRunner.java:364)
	at org.testng.SuiteRunnerWorker.runSuite(SuiteRunnerWorker.java:52)
	at org.testng.SuiteRunnerWorker.run(SuiteRunnerWorker.java:84)
	at org.testng.TestNG.runSuitesSequentially(TestNG.java:1187)
	at org.testng.TestNG.runSuitesLocally(TestNG.java:1116)
	at org.testng.TestNG.runSuites(TestNG.java:1028)
	at org.testng.TestNG.run(TestNG.java:996)
	at com.M4.RunProgrammatically.main(RunProgrammatically.java:22)
</pre></div><a href='#' onClick='toggleBox("stack-trace1447689627", this, "Click to show all stack frames", "Click to hide stack frames")'>Click to show all stack frames</a>
<div class='stack-trace' id='stack-trace1447689627'><pre>java.lang.AssertionError: expected [1.0] but found [0.0]
	at org.testng.Assert.fail(Assert.java:96)
	at org.testng.Assert.failNotEquals(Assert.java:776)
	at org.testng.Assert.assertEqualsImpl(Assert.java:137)
	at org.testng.Assert.assertEquals(Assert.java:118)
	at org.testng.Assert.assertEquals(Assert.java:442)
	at com.M4.NewTest.cosine(NewTest.java:128)
	at sun.reflect.NativeMethodAccessorImpl.invoke0(Native Method)
	at sun.reflect.NativeMethodAccessorImpl.invoke(NativeMethodAccessorImpl.java:62)
	at sun.reflect.DelegatingMethodAccessorImpl.invoke(DelegatingMethodAccessorImpl.java:43)
	at java.lang.reflect.Method.invoke(Method.java:498)
	at org.testng.internal.MethodInvocationHelper.invokeMethod(MethodInvocationHelper.java:124)
	at org.testng.internal.Invoker.invokeMethod(Invoker.java:571)
	at org.testng.internal.Invoker.invokeTestMethod(Invoker.java:707)
	at org.testng.internal.Invoker.invokeTestMethods(Invoker.java:979)
	at org.testng.internal.TestMethodWorker.invokeTestMethods(TestMethodWorker.java:125)
	at org.testng.internal.TestMethodWorker.run(TestMethodWorker.java:109)
	at org.testng.TestRunner.privateRun(TestRunner.java:648)
	at org.testng.TestRunner.run(TestRunner.java:505)
	at org.testng.SuiteRunner.runTest(SuiteRunner.java:455)
	at org.testng.SuiteRunner.runSequentially(SuiteRunner.java:450)
	at org.testng.SuiteRunner.privateRun(SuiteRunner.java:415)
	at org.testng.SuiteRunner.run(SuiteRunner.java:364)
	at org.testng.SuiteRunnerWorker.runSuite(SuiteRunnerWorker.java:52)
	at org.testng.SuiteRunnerWorker.run(SuiteRunnerWorker.java:84)
	at org.testng.TestNG.runSuitesSequentially(TestNG.java:1187)
	at org.testng.TestNG.runSuitesLocally(TestNG.java:1116)
	at org.testng.TestNG.runSuites(TestNG.java:1028)
	at org.testng.TestNG.run(TestNG.java:996)
	at com.M4.RunProgrammatically.main(RunProgrammatically.java:22)
</pre></div></td>
<td>0</td>
<td>com.M4.NewTest@50c87b21</td></tr>
<tr>
<td title='com.M4.NewTest.squareRootOfNegativeNumber()'><b>squareRootOfNegativeNumber</b><br>Test class: com.M4.NewTest<br/>
<a href="#Output-1715998167" onClick='toggleBox("Output-1715998167", this, "Show output", "Hide output");'>Show output</a>

<a href="#Output-1715998167" onClick="toggleAllBoxes();">Show all outputs</a>
<div class='log' id="Output-1715998167">
Method started: squareRootOfNegativeNumber<br/>
a:-25	 SquareRoot:5.0<br/>
Test Method Failed<br/>
</div>
</td>
<td><div><pre>org.testng.TestException: 
Expected exception of type class java.lang.NumberFormatException but got java.lang.AssertionError: expected [2.23606797749979] but found [5.0]
	at org.testng.internal.ExpectedExceptionsHolder.wrongException(ExpectedExceptionsHolder.java:68)
	at org.testng.internal.Invoker.considerExceptions(Invoker.java:1120)
	at org.testng.internal.Invoker.invokeMethod(Invoker.java:603)
	at org.testng.internal.Invoker.invokeTestMethod(Invoker.java:707)
	at org.testng.internal.Invoker.invokeTestMethods(Invoker.java:979)
	at org.testng.internal.TestMethodWorker.invokeTestMethods(TestMethodWorker.java:125)
	at org.testng.internal.TestMethodWorker.run(TestMethodWorker.java:109)
	at org.testng.TestRunner.privateRun(TestRunner.java:648)
	at org.testng.TestRunner.run(TestRunner.java:505)
	at org.testng.SuiteRunner.runTest(SuiteRunner.java:455)
	at org.testng.SuiteRunner.runSequentially(SuiteRunner.java:450)
	at org.testng.SuiteRunner.privateRun(SuiteRunner.java:415)
	at org.testng.SuiteRunner.run(SuiteRunner.java:364)
	at org.testng.SuiteRunnerWorker.runSuite(SuiteRunnerWorker.java:52)
	at org.testng.SuiteRunnerWorker.run(SuiteRunnerWorker.java:84)
	at org.testng.TestNG.runSuitesSequentially(TestNG.java:1187)
	at org.testng.TestNG.runSuitesLocally(TestNG.java:1116)
	at org.testng.TestNG.runSuites(TestNG.java:1028)
	at org.testng.TestNG.run(TestNG.java:996)
	at com.M4.RunProgrammatically.main(RunProgrammatically.java:22)
Caused by: java.lang.AssertionError: expected [2.23606797749979] but found [5.0]
	at org.testng.Assert.fail(Assert.java:96)
	at org.testng.Assert.failNotEquals(Assert.java:776)
	at org.testng.Assert.assertEqualsImpl(Assert.java:137)
	at org.testng.Assert.assertEquals(Assert.java:118)
	at org.testng.Assert.assertEquals(Assert.java:442)
	at com.M4.NewTest.squareRootOfNegativeNumber(NewTest.java:119)
	at sun.reflect.NativeMethodAccessorImpl.invoke0(Native Method)
	at sun.reflect.NativeMethodAccessorImpl.invoke(NativeMethodAccessorImpl.java:62)
	at sun.reflect.DelegatingMethodAccessorImpl.invoke(DelegatingMethodAccessorImpl.java:43)
	at java.lang.reflect.Method.invoke(Method.java:498)
	at org.testng.internal.MethodInvocationHelper.invokeMethod(MethodInvocationHelper.java:124)
	at org.testng.internal.Invoker.invokeMethod(Invoker.java:571)
	... 17 more
</pre></div><a href='#' onClick='toggleBox("stack-trace1715998167", this, "Click to show all stack frames", "Click to hide stack frames")'>Click to show all stack frames</a>
<div class='stack-trace' id='stack-trace1715998167'><pre>org.testng.TestException: 
Expected exception of type class java.lang.NumberFormatException but got java.lang.AssertionError: expected [2.23606797749979] but found [5.0]
	at org.testng.internal.ExpectedExceptionsHolder.wrongException(ExpectedExceptionsHolder.java:68)
	at org.testng.internal.Invoker.considerExceptions(Invoker.java:1120)
	at org.testng.internal.Invoker.invokeMethod(Invoker.java:603)
	at org.testng.internal.Invoker.invokeTestMethod(Invoker.java:707)
	at org.testng.internal.Invoker.invokeTestMethods(Invoker.java:979)
	at org.testng.internal.TestMethodWorker.invokeTestMethods(TestMethodWorker.java:125)
	at org.testng.internal.TestMethodWorker.run(TestMethodWorker.java:109)
	at org.testng.TestRunner.privateRun(TestRunner.java:648)
	at org.testng.TestRunner.run(TestRunner.java:505)
	at org.testng.SuiteRunner.runTest(SuiteRunner.java:455)
	at org.testng.SuiteRunner.runSequentially(SuiteRunner.java:450)
	at org.testng.SuiteRunner.privateRun(SuiteRunner.java:415)
	at org.testng.SuiteRunner.run(SuiteRunner.java:364)
	at org.testng.SuiteRunnerWorker.runSuite(SuiteRunnerWorker.java:52)
	at org.testng.SuiteRunnerWorker.run(SuiteRunnerWorker.java:84)
	at org.testng.TestNG.runSuitesSequentially(TestNG.java:1187)
	at org.testng.TestNG.runSuitesLocally(TestNG.java:1116)
	at org.testng.TestNG.runSuites(TestNG.java:1028)
	at org.testng.TestNG.run(TestNG.java:996)
	at com.M4.RunProgrammatically.main(RunProgrammatically.java:22)
Caused by: java.lang.AssertionError: expected [2.23606797749979] but found [5.0]
	at org.testng.Assert.fail(Assert.java:96)
	at org.testng.Assert.failNotEquals(Assert.java:776)
	at org.testng.Assert.assertEqualsImpl(Assert.java:137)
	at org.testng.Assert.assertEquals(Assert.java:118)
	at org.testng.Assert.assertEquals(Assert.java:442)
	at com.M4.NewTest.squareRootOfNegativeNumber(NewTest.java:119)
	at sun.reflect.NativeMethodAccessorImpl.invoke0(Native Method)
	at sun.reflect.NativeMethodAccessorImpl.invoke(NativeMethodAccessorImpl.java:62)
	at sun.reflect.DelegatingMethodAccessorImpl.invoke(DelegatingMethodAccessorImpl.java:43)
	at java.lang.reflect.Method.invoke(Method.java:498)
	at org.testng.internal.MethodInvocationHelper.invokeMethod(MethodInvocationHelper.java:124)
	at org.testng.internal.Invoker.invokeMethod(Invoker.java:571)
	... 17 more
</pre></div></td>
<td>0</td>
<td>com.M4.NewTest@50c87b21</td></tr>
</table><p>
<table width='100%' border='1' class='invocation-passed'>
<tr><td colspan='4' align='center'><b>PASSED TESTS</b></td></tr>
<tr><td><b>Test method</b></td>
<td width="30%"><b>Exception</b></td>
<td width="10%"><b>Time (seconds)</b></td>
<td><b>Instance</b></td>
</tr>
<tr>
<td title='com.M4.NewTest.addingTwoPositiveNumbers()'><b>addingTwoPositiveNumbers</b><br>Test class: com.M4.NewTest<br/>
<a href="#Output-1845904670" onClick='toggleBox("Output-1845904670", this, "Show output", "Hide output");'>Show output</a>

<a href="#Output-1845904670" onClick="toggleAllBoxes();">Show all outputs</a>
<div class='log' id="Output-1845904670">
Method started: addingTwoPositiveNumbers<br/>
a:10	 b:20	 sum:30<br/>
Test Method Passed<br/>
</div>
</td>
<td></td>
<td>0</td>
<td>com.M4.NewTest@50c87b21</td></tr>
<tr>
<td title='com.M4.NewTest.divideByZero()'><b>divideByZero</b><br>Test class: com.M4.NewTest<br/>
<a href="#Output-540159270" onClick='toggleBox("Output-540159270", this, "Show output", "Hide output");'>Show output</a>

<a href="#Output-540159270" onClick="toggleAllBoxes();">Show all outputs</a>
<div class='log' id="Output-540159270">
Method started: divideByZero<br/>
Test Method Passed<br/>
</div>
</td>
<td><div><pre>java.lang.NumberFormatException: Attempt to divide by zero
	at com.epam.tat.module4.Calculator.div(Calculator.java:34)
	at com.M4.NewTest.divideByZero(NewTest.java:96)
	at sun.reflect.NativeMethodAccessorImpl.invoke0(Native Method)
	at sun.reflect.NativeMethodAccessorImpl.invoke(NativeMethodAccessorImpl.java:62)
	at sun.reflect.DelegatingMethodAccessorImpl.invoke(DelegatingMethodAccessorImpl.java:43)
	at java.lang.reflect.Method.invoke(Method.java:498)
	at org.testng.internal.MethodInvocationHelper.invokeMethod(MethodInvocationHelper.java:124)
	at org.testng.internal.Invoker.invokeMethod(Invoker.java:571)
	at org.testng.internal.Invoker.invokeTestMethod(Invoker.java:707)
	at org.testng.internal.Invoker.invokeTestMethods(Invoker.java:979)
	at org.testng.internal.TestMethodWorker.invokeTestMethods(TestMethodWorker.java:125)
	at org.testng.internal.TestMethodWorker.run(TestMethodWorker.java:109)
	at org.testng.TestRunner.privateRun(TestRunner.java:648)
	at org.testng.TestRunner.run(TestRunner.java:505)
	at org.testng.SuiteRunner.runTest(SuiteRunner.java:455)
	at org.testng.SuiteRunner.runSequentially(SuiteRunner.java:450)
	at org.testng.SuiteRunner.privateRun(SuiteRunner.java:415)
	at org.testng.SuiteRunner.run(SuiteRunner.java:364)
	at org.testng.SuiteRunnerWorker.runSuite(SuiteRunnerWorker.java:52)
	at org.testng.SuiteRunnerWorker.run(SuiteRunnerWorker.java:84)
	at org.testng.TestNG.runSuitesSequentially(TestNG.java:1187)
	at org.testng.TestNG.runSuitesLocally(TestNG.java:1116)
	at org.testng.TestNG.runSuites(TestNG.java:1028)
	at org.testng.TestNG.run(TestNG.java:996)
	at com.M4.RunProgrammatically.main(RunProgrammatically.java:22)
</pre></div><a href='#' onClick='toggleBox("stack-trace540159270", this, "Click to show all stack frames", "Click to hide stack frames")'>Click to show all stack frames</a>
<div class='stack-trace' id='stack-trace540159270'><pre>java.lang.NumberFormatException: Attempt to divide by zero
	at com.epam.tat.module4.Calculator.div(Calculator.java:34)
	at com.M4.NewTest.divideByZero(NewTest.java:96)
	at sun.reflect.NativeMethodAccessorImpl.invoke0(Native Method)
	at sun.reflect.NativeMethodAccessorImpl.invoke(NativeMethodAccessorImpl.java:62)
	at sun.reflect.DelegatingMethodAccessorImpl.invoke(DelegatingMethodAccessorImpl.java:43)
	at java.lang.reflect.Method.invoke(Method.java:498)
	at org.testng.internal.MethodInvocationHelper.invokeMethod(MethodInvocationHelper.java:124)
	at org.testng.internal.Invoker.invokeMethod(Invoker.java:571)
	at org.testng.internal.Invoker.invokeTestMethod(Invoker.java:707)
	at org.testng.internal.Invoker.invokeTestMethods(Invoker.java:979)
	at org.testng.internal.TestMethodWorker.invokeTestMethods(TestMethodWorker.java:125)
	at org.testng.internal.TestMethodWorker.run(TestMethodWorker.java:109)
	at org.testng.TestRunner.privateRun(TestRunner.java:648)
	at org.testng.TestRunner.run(TestRunner.java:505)
	at org.testng.SuiteRunner.runTest(SuiteRunner.java:455)
	at org.testng.SuiteRunner.runSequentially(SuiteRunner.java:450)
	at org.testng.SuiteRunner.privateRun(SuiteRunner.java:415)
	at org.testng.SuiteRunner.run(SuiteRunner.java:364)
	at org.testng.SuiteRunnerWorker.runSuite(SuiteRunnerWorker.java:52)
	at org.testng.SuiteRunnerWorker.run(SuiteRunnerWorker.java:84)
	at org.testng.TestNG.runSuitesSequentially(TestNG.java:1187)
	at org.testng.TestNG.runSuitesLocally(TestNG.java:1116)
	at org.testng.TestNG.runSuites(TestNG.java:1028)
	at org.testng.TestNG.run(TestNG.java:996)
	at com.M4.RunProgrammatically.main(RunProgrammatically.java:22)
</pre></div></td>
<td>0</td>
<td>com.M4.NewTest@50c87b21</td></tr>
<tr>
<td title='com.M4.NewTest.divideZerobyANumber()'><b>divideZerobyANumber</b><br>Test class: com.M4.NewTest<br/>
<a href="#Output-422250493" onClick='toggleBox("Output-422250493", this, "Show output", "Hide output");'>Show output</a>

<a href="#Output-422250493" onClick="toggleAllBoxes();">Show all outputs</a>
<div class='log' id="Output-422250493">
Method started: divideZerobyANumber<br/>
a:0	 b:1	 quotient:0<br/>
Test Method Passed<br/>
</div>
</td>
<td></td>
<td>0</td>
<td>com.M4.NewTest@50c87b21</td></tr>
<tr>
<td title='com.M4.NewTest.isNegative()'><b>isNegative</b><br>Test class: com.M4.NewTest<br/>
<a href="#Output-1690287238" onClick='toggleBox("Output-1690287238", this, "Show output", "Hide output");'>Show output</a>

<a href="#Output-1690287238" onClick="toggleAllBoxes();">Show all outputs</a>
<div class='log' id="Output-1690287238">
Method started: isNegative<br/>
a:1	 IsNegative:false<br/>
Test Method Passed<br/>
</div>
</td>
<td></td>
<td>0</td>
<td>com.M4.NewTest@50c87b21</td></tr>
<tr>
<td title='com.M4.NewTest.isPositive()'><b>isPositive</b><br>Test class: com.M4.NewTest<br/>
<a href="#Output-1690254271" onClick='toggleBox("Output-1690254271", this, "Show output", "Hide output");'>Show output</a>

<a href="#Output-1690254271" onClick="toggleAllBoxes();">Show all outputs</a>
<div class='log' id="Output-1690254271">
Method started: isPositive<br/>
a:-1	 IsPositive:false<br/>
Test Method Passed<br/>
</div>
</td>
<td></td>
<td>0</td>
<td>com.M4.NewTest@50c87b21</td></tr>
<tr>
<td title='com.M4.NewTest.multiplyingNumbers()'><b>multiplyingNumbers</b><br>Test class: com.M4.NewTest<br>Parameters: 10, 20, 200<br/>
<a href="#Output-555826066" onClick='toggleBox("Output-555826066", this, "Show output", "Hide output");'>Show output</a>

<a href="#Output-555826066" onClick="toggleAllBoxes();">Show all outputs</a>
<div class='log' id="Output-555826066">
Method started: multiplyingNumbers<br/>
a:10	 b:20	 product:200<br/>
Test Method Passed<br/>
</div>
</td>
<td></td>
<td>0</td>
<td>com.M4.NewTest@50c87b21</td></tr>
<tr>
<td title='com.M4.NewTest.multiplyingNumbers()'><b>multiplyingNumbers</b><br>Test class: com.M4.NewTest<br>Parameters: 20, 10, 200<br/>
<a href="#Output-174573182" onClick='toggleBox("Output-174573182", this, "Show output", "Hide output");'>Show output</a>

<a href="#Output-174573182" onClick="toggleAllBoxes();">Show all outputs</a>
<div class='log' id="Output-174573182">
Method started: multiplyingNumbers<br/>
a:20	 b:10	 product:200<br/>
Test Method Passed<br/>
</div>
</td>
<td></td>
<td>0</td>
<td>com.M4.NewTest@50c87b21</td></tr>
<tr>
<td title='com.M4.NewTest.multiplyingNumbers()'><b>multiplyingNumbers</b><br>Test class: com.M4.NewTest<br>Parameters: 0, 5, 0<br/>
<a href="#Output-858242339" onClick='toggleBox("Output-858242339", this, "Show output", "Hide output");'>Show output</a>

<a href="#Output-858242339" onClick="toggleAllBoxes();">Show all outputs</a>
<div class='log' id="Output-858242339">
Method started: multiplyingNumbers<br/>
a:0	 b:5	 product:0<br/>
Test Method Passed<br/>
</div>
</td>
<td></td>
<td>0</td>
<td>com.M4.NewTest@50c87b21</td></tr>
<tr>
<td title='com.M4.NewTest.multiplyingNumbers()'><b>multiplyingNumbers</b><br>Test class: com.M4.NewTest<br>Parameters: -5, 0, 0<br/>
<a href="#Output-1310540333" onClick='toggleBox("Output-1310540333", this, "Show output", "Hide output");'>Show output</a>

<a href="#Output-1310540333" onClick="toggleAllBoxes();">Show all outputs</a>
<div class='log' id="Output-1310540333">
Method started: multiplyingNumbers<br/>
a:-5	 b:0	 product:0<br/>
Test Method Passed<br/>
</div>
</td>
<td></td>
<td>0</td>
<td>com.M4.NewTest@50c87b21</td></tr>
<tr>
<td title='com.M4.NewTest.subtractingTwoNumbers()'><b>subtractingTwoNumbers</b><br>Test class: com.M4.NewTest<br/>
<a href="#Output-1268066861" onClick='toggleBox("Output-1268066861", this, "Show output", "Hide output");'>Show output</a>

<a href="#Output-1268066861" onClick="toggleAllBoxes();">Show all outputs</a>
<div class='log' id="Output-1268066861">
Method started: subtractingTwoNumbers<br/>
a:10	 b:20	 diff:-10<br/>
Test Method Passed<br/>
</div>
</td>
<td></td>
<td>0</td>
<td>com.M4.NewTest@50c87b21</td></tr>
</table><p>
</body>
</html>